  server.cpp
C:\Users\Admin\Documents\Programming\Lab\01\server\server.cpp(74,10): warning C4101: unixtime: неиспользованная локальная переменная
C:\Users\Admin\Documents\Programming\Lab\01\server\server.cpp(73,9): warning C4101: current_hour: неиспользованная локальная переменная
C:\Users\Admin\Documents\Programming\Lab\01\server\include\nlohmann\json.hpp(5104,4): error C2027: использование неопределенного типа "nlohmann::detail::wide_string_input_helper<BaseInputAdapter,16>"
          with
          [
              BaseInputAdapter=nlohmann::detail::iterator_input_adapter<nlohmann::detail::iter_impl<const nlohmann::basic_json<std::map,std::vector,std::string,bool,int64_t,uint64_t,double,std::allocator,nlohmann::adl_serializer,std::vector<uint8_t,std::allocator<uint8_t>>>>>
          ]
C:\Users\Admin\Documents\Programming\Lab\01\server\include\nlohmann\json.hpp(5104): message : см. объявление "nlohmann::detail::wide_string_input_helper<BaseInputAdapter,16>"
          with
          [
              BaseInputAdapter=nlohmann::detail::iterator_input_adapter<nlohmann::detail::iter_impl<const nlohmann::basic_json<std::map,std::vector,std::string,bool,int64_t,uint64_t,double,std::allocator,nlohmann::adl_serializer,std::vector<uint8_t,std::allocator<uint8_t>>>>>
          ]
C:\Users\Admin\Documents\Programming\Lab\01\server\include\nlohmann\json.hpp(5086): message : выполняется компиляция ссылки на экземпляр шаблон функции "void nlohmann::detail::wide_string_input_adapter<nlohmann::detail::iterator_input_adapter<nlohmann::detail::iter_impl<const nlohmann::basic_json<std::map,std::vector,std::string,bool,int64_t,uint64_t,double,std::allocator,nlohmann::adl_serializer,std::vector<uint8_t,std::allocator<uint8_t>>>>>,nlohmann::basic_json<std::map,std::vector,std::string,bool,int64_t,uint64_t,double,std::allocator,nlohmann::adl_serializer,std::vector<uint8_t,std::allocator<uint8_t>>>>::fill_buffer<16>(void)"
C:\Users\Admin\Documents\Programming\Lab\01\server\include\nlohmann\json.hpp(5086): message : выполняется компиляция ссылки на экземпляр шаблон функции "void nlohmann::detail::wide_string_input_adapter<nlohmann::detail::iterator_input_adapter<nlohmann::detail::iter_impl<const nlohmann::basic_json<std::map,std::vector,std::string,bool,int64_t,uint64_t,double,std::allocator,nlohmann::adl_serializer,std::vector<uint8_t,std::allocator<uint8_t>>>>>,nlohmann::basic_json<std::map,std::vector,std::string,bool,int64_t,uint64_t,double,std::allocator,nlohmann::adl_serializer,std::vector<uint8_t,std::allocator<uint8_t>>>>::fill_buffer<16>(void)"
C:\Users\Admin\Documents\Programming\Lab\01\server\include\nlohmann\json.hpp(5082): message : во время компиляции функции-члена класс шаблон "int nlohmann::detail::wide_string_input_adapter<nlohmann::detail::iterator_input_adapter<nlohmann::detail::iter_impl<const nlohmann::basic_json<std::map,std::vector,std::string,bool,int64_t,uint64_t,double,std::allocator,nlohmann::adl_serializer,std::vector<uint8_t,std::allocator<uint8_t>>>>>,nlohmann::basic_json<std::map,std::vector,std::string,bool,int64_t,uint64_t,double,std::allocator,nlohmann::adl_serializer,std::vector<uint8_t,std::allocator<uint8_t>>>>::get_character(void) noexcept"
C:\Users\Admin\Documents\Programming\Lab\01\server\include\nlohmann\json.hpp(7288): message : выполняется компиляция ссылки на экземпляр шаблон функции "int nlohmann::detail::wide_string_input_adapter<nlohmann::detail::iterator_input_adapter<nlohmann::detail::iter_impl<const nlohmann::basic_json<std::map,std::vector,std::string,bool,int64_t,uint64_t,double,std::allocator,nlohmann::adl_serializer,std::vector<uint8_t,std::allocator<uint8_t>>>>>,nlohmann::basic_json<std::map,std::vector,std::string,bool,int64_t,uint64_t,double,std::allocator,nlohmann::adl_serializer,std::vector<uint8_t,std::allocator<uint8_t>>>>::get_character(void) noexcept"
C:\Users\Admin\Documents\Programming\Lab\01\server\include\nlohmann\json.hpp(23223): message : выполняется компиляция ссылки на экземпляр класс шаблон функции "nlohmann::detail::wide_string_input_adapter<nlohmann::detail::iterator_input_adapter<nlohmann::detail::iter_impl<const nlohmann::basic_json<std::map,std::vector,std::string,bool,int64_t,uint64_t,double,std::allocator,nlohmann::adl_serializer,std::vector<uint8_t,std::allocator<uint8_t>>>>>,nlohmann::basic_json<std::map,std::vector,std::string,bool,int64_t,uint64_t,double,std::allocator,nlohmann::adl_serializer,std::vector<uint8_t,std::allocator<uint8_t>>>>"
C:\Users\Admin\Documents\Programming\Lab\01\server\server.cpp(75): message : выполняется компиляция ссылки на экземпляр шаблон функции "nlohmann::basic_json<std::map,std::vector,std::string,bool,int64_t,uint64_t,double,std::allocator,nlohmann::adl_serializer,std::vector<uint8_t,std::allocator<uint8_t>>> nlohmann::basic_json<std::map,std::vector,std::string,bool,int64_t,uint64_t,double,std::allocator,nlohmann::adl_serializer,std::vector<uint8_t,std::allocator<uint8_t>>>::parse<json>(InputType &&,const std::function<bool (int,nlohmann::detail::parse_event_t,nlohmann::basic_json<std::map,std::vector,std::string,bool,int64_t,uint64_t,double,std::allocator,nlohmann::adl_serializer,std::vector<uint8_t,std::allocator<uint8_t>>> &)>,const bool,const bool)"
          with
          [
              InputType=json
          ]
C:\Users\Admin\Documents\Programming\Lab\01\server\server.cpp(75): message : выполняется компиляция ссылки на экземпляр шаблон функции "nlohmann::basic_json<std::map,std::vector,std::string,bool,int64_t,uint64_t,double,std::allocator,nlohmann::adl_serializer,std::vector<uint8_t,std::allocator<uint8_t>>> nlohmann::basic_json<std::map,std::vector,std::string,bool,int64_t,uint64_t,double,std::allocator,nlohmann::adl_serializer,std::vector<uint8_t,std::allocator<uint8_t>>>::parse<json>(InputType &&,const std::function<bool (int,nlohmann::detail::parse_event_t,nlohmann::basic_json<std::map,std::vector,std::string,bool,int64_t,uint64_t,double,std::allocator,nlohmann::adl_serializer,std::vector<uint8_t,std::allocator<uint8_t>>> &)>,const bool,const bool)"
          with
          [
              InputType=json
          ]
C:\Users\Admin\Documents\Programming\Lab\01\server\include\nlohmann\json.hpp(5104,1): error C2672: "nlohmann::detail::wide_string_input_adapter<nlohmann::detail::iterator_input_adapter<nlohmann::detail::iter_impl<const nlohmann::basic_json<std::map,std::vector,std::string,bool,int64_t,uint64_t,double,std::allocator,nlohmann::adl_serializer,std::vector<uint8_t,std::allocator<uint8_t>>>>>,nlohmann::basic_json<std::map,std::vector,std::string,bool,int64_t,uint64_t,double,std::allocator,nlohmann::adl_serializer,std::vector<uint8_t,std::allocator<uint8_t>>>>::fill_buffer": не найдена соответствующая перегруженная функция
C:\Users\Admin\Documents\Programming\Lab\01\server\include\nlohmann\json.hpp(5104,1): error C2780: void nlohmann::detail::wide_string_input_adapter<nlohmann::detail::iterator_input_adapter<nlohmann::detail::iter_impl<const nlohmann::basic_json<std::map,std::vector,std::string,bool,int64_t,uint64_t,double,std::allocator,nlohmann::adl_serializer,std::vector<uint8_t,std::allocator<uint8_t>>>>>,nlohmann::basic_json<std::map,std::vector,std::string,bool,int64_t,uint64_t,double,std::allocator,nlohmann::adl_serializer,std::vector<uint8_t,std::allocator<uint8_t>>>>::fill_buffer(void): требует аргументов: 0, имеется: 4
C:\Users\Admin\Documents\Programming\Lab\01\server\include\nlohmann\json.hpp(5102): message : см. объявление "nlohmann::detail::wide_string_input_adapter<nlohmann::detail::iterator_input_adapter<nlohmann::detail::iter_impl<const nlohmann::basic_json<std::map,std::vector,std::string,bool,int64_t,uint64_t,double,std::allocator,nlohmann::adl_serializer,std::vector<uint8_t,std::allocator<uint8_t>>>>>,nlohmann::basic_json<std::map,std::vector,std::string,bool,int64_t,uint64_t,double,std::allocator,nlohmann::adl_serializer,std::vector<uint8_t,std::allocator<uint8_t>>>>::fill_buffer"
